<?xml version="1.0" encoding="UTF-8"?>
<!-- Generated by org.testng.reporters.JUnitXMLReporter -->
<testsuite hostname="prodips-MBP" name="Command line test" tests="20" failures="0" timestamp="9 Apr 2019 09:45:17 GMT" time="0.046" errors="0">
  <testcase name="@BeforeMethod setUp" time="0.0" classname="home.TestHome">
    <failure type="org.testng.TestNGException" message="
Parameter &amp;apos;OS&amp;apos; is required by @Configuration on method setUp but has not been marked @Optional or defined
">
      <![CDATA[org.testng.TestNGException: 
Parameter 'OS' is required by @Configuration on method setUp but has not been marked @Optional or defined

... Removed 32 stack frames]]>
    </failure>
  </testcase> <!-- @BeforeMethod setUp -->
  <testcase name="@AfterMethod cleanUpApp" time="0.0" classname="home.TestHome">
    <skipped/>
  </testcase> <!-- @AfterMethod cleanUpApp -->
  <testcase name="@BeforeMethod setUp" time="0.0" classname="home.TestHome">
    <skipped/>
  </testcase> <!-- @BeforeMethod setUp -->
  <testcase name="@AfterMethod cleanUpApp" time="0.0" classname="home.TestHome">
    <skipped/>
  </testcase> <!-- @AfterMethod cleanUpApp -->
  <testcase name="@BeforeMethod setUp" time="0.0" classname="home.TestHome">
    <skipped/>
  </testcase> <!-- @BeforeMethod setUp -->
  <testcase name="@AfterMethod cleanUpApp" time="0.0" classname="home.TestHome">
    <skipped/>
  </testcase> <!-- @AfterMethod cleanUpApp -->
  <testcase name="@BeforeMethod setUp" time="0.0" classname="home.TestHome">
    <skipped/>
  </testcase> <!-- @BeforeMethod setUp -->
  <testcase name="@AfterMethod cleanUpApp" time="0.0" classname="home.TestHome">
    <skipped/>
  </testcase> <!-- @AfterMethod cleanUpApp -->
  <testcase name="@BeforeMethod setUp" time="0.0" classname="home.TestHome">
    <skipped/>
  </testcase> <!-- @BeforeMethod setUp -->
  <testcase name="@AfterMethod cleanUpApp" time="0.0" classname="home.TestHome">
    <skipped/>
  </testcase> <!-- @AfterMethod cleanUpApp -->
  <testcase name="@BeforeMethod setUp" time="0.0" classname="home.TestHome">
    <skipped/>
  </testcase> <!-- @BeforeMethod setUp -->
  <testcase name="@AfterMethod cleanUpApp" time="0.0" classname="home.TestHome">
    <skipped/>
  </testcase> <!-- @AfterMethod cleanUpApp -->
  <testcase name="@BeforeMethod setUp" time="0.0" classname="home.TestHome">
    <skipped/>
  </testcase> <!-- @BeforeMethod setUp -->
  <testcase name="@AfterMethod cleanUpApp" time="0.0" classname="home.TestHome">
    <skipped/>
  </testcase> <!-- @AfterMethod cleanUpApp -->
  <testcase name="@BeforeMethod setUp" time="0.0" classname="home.TestHome">
    <skipped/>
  </testcase> <!-- @BeforeMethod setUp -->
  <testcase name="@AfterMethod cleanUpApp" time="0.0" classname="home.TestHome">
    <skipped/>
  </testcase> <!-- @AfterMethod cleanUpApp -->
  <testcase name="@BeforeMethod setUp" time="0.0" classname="home.TestHome">
    <skipped/>
  </testcase> <!-- @BeforeMethod setUp -->
  <testcase name="@AfterMethod cleanUpApp" time="0.0" classname="home.TestHome">
    <skipped/>
  </testcase> <!-- @AfterMethod cleanUpApp -->
  <testcase name="@BeforeMethod setUp" time="0.0" classname="home.TestHome">
    <skipped/>
  </testcase> <!-- @BeforeMethod setUp -->
  <testcase name="@AfterMethod cleanUpApp" time="0.0" classname="home.TestHome">
    <skipped/>
  </testcase> <!-- @AfterMethod cleanUpApp -->
  <testcase name="@BeforeMethod setUp" time="0.0" classname="home.TestHome">
    <skipped/>
  </testcase> <!-- @BeforeMethod setUp -->
  <testcase name="@AfterMethod cleanUpApp" time="0.0" classname="home.TestHome">
    <skipped/>
  </testcase> <!-- @AfterMethod cleanUpApp -->
  <testcase name="@BeforeMethod setUp" time="0.0" classname="home.TestHome">
    <skipped/>
  </testcase> <!-- @BeforeMethod setUp -->
  <testcase name="@AfterMethod cleanUpApp" time="0.0" classname="home.TestHome">
    <skipped/>
  </testcase> <!-- @AfterMethod cleanUpApp -->
  <testcase name="@BeforeMethod setUp" time="0.0" classname="home.TestHome">
    <skipped/>
  </testcase> <!-- @BeforeMethod setUp -->
  <testcase name="@AfterMethod cleanUpApp" time="0.0" classname="home.TestHome">
    <skipped/>
  </testcase> <!-- @AfterMethod cleanUpApp -->
  <testcase name="@BeforeMethod setUp" time="0.0" classname="home.TestHome">
    <skipped/>
  </testcase> <!-- @BeforeMethod setUp -->
  <testcase name="@AfterMethod cleanUpApp" time="0.0" classname="home.TestHome">
    <skipped/>
  </testcase> <!-- @AfterMethod cleanUpApp -->
  <testcase name="@BeforeMethod setUp" time="0.0" classname="home.TestHome">
    <skipped/>
  </testcase> <!-- @BeforeMethod setUp -->
  <testcase name="@AfterMethod cleanUpApp" time="0.0" classname="home.TestHome">
    <skipped/>
  </testcase> <!-- @AfterMethod cleanUpApp -->
  <testcase name="@BeforeMethod setUp" time="0.0" classname="home.TestHome">
    <skipped/>
  </testcase> <!-- @BeforeMethod setUp -->
  <testcase name="@AfterMethod cleanUpApp" time="0.0" classname="home.TestHome">
    <skipped/>
  </testcase> <!-- @AfterMethod cleanUpApp -->
  <testcase name="@BeforeMethod setUp" time="0.0" classname="home.TestHome">
    <skipped/>
  </testcase> <!-- @BeforeMethod setUp -->
  <testcase name="@AfterMethod cleanUpApp" time="0.0" classname="home.TestHome">
    <skipped/>
  </testcase> <!-- @AfterMethod cleanUpApp -->
  <testcase name="@BeforeMethod setUp" time="0.0" classname="home.TestHome">
    <skipped/>
  </testcase> <!-- @BeforeMethod setUp -->
  <testcase name="@AfterMethod cleanUpApp" time="0.0" classname="home.TestHome">
    <skipped/>
  </testcase> <!-- @AfterMethod cleanUpApp -->
  <testcase name="@BeforeMethod setUp" time="0.0" classname="home.TestHome">
    <skipped/>
  </testcase> <!-- @BeforeMethod setUp -->
  <testcase name="@AfterMethod cleanUpApp" time="0.0" classname="home.TestHome">
    <skipped/>
  </testcase> <!-- @AfterMethod cleanUpApp -->
  <testcase name="@BeforeMethod setUp" time="0.0" classname="home.TestHome">
    <skipped/>
  </testcase> <!-- @BeforeMethod setUp -->
  <testcase name="@AfterMethod cleanUpApp" time="0.0" classname="home.TestHome">
    <skipped/>
  </testcase> <!-- @AfterMethod cleanUpApp -->
  <testcase name="TestAbout" time="0.006" classname="home.TestHome">
    <skipped/>
  </testcase> <!-- TestAbout -->
  <testcase name="TestAlert" time="0.0" classname="home.TestHome">
    <skipped/>
  </testcase> <!-- TestAlert -->
  <testcase name="TestArticles" time="0.0" classname="home.TestHome">
    <skipped/>
  </testcase> <!-- TestArticles -->
  <testcase name="TestBrgBtn" time="0.0" classname="home.TestHome">
    <skipped/>
  </testcase> <!-- TestBrgBtn -->
  <testcase name="TestBusiness" time="0.0" classname="home.TestHome">
    <skipped/>
  </testcase> <!-- TestBusiness -->
  <testcase name="TestEntertainment" time="0.0" classname="home.TestHome">
    <skipped/>
  </testcase> <!-- TestEntertainment -->
  <testcase name="TestFashion" time="0.0" classname="home.TestHome">
    <skipped/>
  </testcase> <!-- TestFashion -->
  <testcase name="TestLiving" time="0.0" classname="home.TestHome">
    <skipped/>
  </testcase> <!-- TestLiving -->
  <testcase name="TestMedia" time="0.0" classname="home.TestHome">
    <skipped/>
  </testcase> <!-- TestMedia -->
  <testcase name="TestMetro" time="0.001" classname="home.TestHome">
    <skipped/>
  </testcase> <!-- TestMetro -->
  <testcase name="TestNews" time="0.0" classname="home.TestHome">
    <skipped/>
  </testcase> <!-- TestNews -->
  <testcase name="TestOpinion" time="0.0" classname="home.TestHome">
    <skipped/>
  </testcase> <!-- TestOpinion -->
  <testcase name="TestPageSix" time="0.0" classname="home.TestHome">
    <skipped/>
  </testcase> <!-- TestPageSix -->
  <testcase name="TestPhotos" time="0.0" classname="home.TestHome">
    <skipped/>
  </testcase> <!-- TestPhotos -->
  <testcase name="TestRealEstate" time="0.001" classname="home.TestHome">
    <skipped/>
  </testcase> <!-- TestRealEstate -->
  <testcase name="TestSavedArticles" time="0.0" classname="home.TestHome">
    <skipped/>
  </testcase> <!-- TestSavedArticles -->
  <testcase name="TestSports" time="0.0" classname="home.TestHome">
    <skipped/>
  </testcase> <!-- TestSports -->
  <testcase name="TestTech" time="0.0" classname="home.TestHome">
    <skipped/>
  </testcase> <!-- TestTech -->
  <testcase name="TestTopStories" time="0.0" classname="home.TestHome">
    <skipped/>
  </testcase> <!-- TestTopStories -->
  <testcase name="TestVideot" time="0.0" classname="home.TestHome">
    <skipped/>
  </testcase> <!-- TestVideot -->
</testsuite> <!-- Command line test -->
